This file contains any messages produced by compilers while
running configure, to aid debugging if configure makes a mistake.

It was created by configure, which was
generated by GNU Autoconf 2.61.  Invocation command line was

  $ ./configure --target=arm-apple-darwin11 CC=/Developer/Platforms/iPhoneOS.platform/Developer/usr/bin/cc CPP=/Developer/Platforms/iPhoneOS.platform/Developer/usr/bin/cpp LD=/Developer/Platforms/iPhoneOS.platform/Developer/usr/bin/ld AR=/Developer/Platforms/iPhoneOS.platform/Developer/usr/bin/ar RANLIB=/Developer/Platforms/iPhoneOS.platform/Developer/usr/bin/ranlib ac_cv_func_getpgrp_void=yes ac_cv_func_setpgrp_void=yes CFLAGS=-host -fmessage-length=0 -pipe -Wno-trigraphs -fpascal-strings -Os -mdynamic-no-pic  		-Wreturn-type -Wunused-variable -isysroot /Developer/Platforms/iPhoneOS.platform/Developer/SDKs/iPhoneOS5.0.sdk

## --------- ##
## Platform. ##
## --------- ##

hostname = MacBookPhil.local
uname -m = x86_64
uname -r = 11.3.0
uname -s = Darwin
uname -v = Darwin Kernel Version 11.3.0: Thu Jan 12 18:47:41 PST 2012; root:xnu-1699.24.23~1/RELEASE_X86_64

/usr/bin/uname -p = i386
/bin/uname -X     = unknown

/bin/arch              = unknown
/usr/bin/arch -k       = unknown
/usr/convex/getsysinfo = unknown
/usr/bin/hostinfo      = Mach kernel version:
	 Darwin Kernel Version 11.3.0: Thu Jan 12 18:47:41 PST 2012; root:xnu-1699.24.23~1/RELEASE_X86_64
Kernel configured for up to 4 processors.
2 processors are physically available.
4 processors are logically available.
Processor type: i486 (Intel 80486)
Processors active: 0 1 2 3
Primary memory available: 8.00 gigabytes
Default processor set: 93 tasks, 431 threads, 4 processors
Load average: 0.38, Mach factor: 3.61
/bin/machine           = unknown
/usr/bin/oslevel       = unknown
/bin/universe          = unknown

PATH: /usr/bin
PATH: /bin
PATH: /usr/sbin
PATH: /sbin
PATH: /usr/local/bin
PATH: /usr/X11/bin


## ----------- ##
## Core tests. ##
## ----------- ##

configure:1906: checking build system type
configure:1924: result: i686-apple-darwin11.3.0
configure:1946: checking host system type
configure:1961: result: i686-apple-darwin11.3.0
configure:1983: checking target system type
configure:1998: result: arm-apple-darwin11
configure:2473: checking for C compiler version
configure:2480: /Developer/Platforms/iPhoneOS.platform/Developer/usr/bin/cc --version >&5
i686-apple-darwin10-llvm-gcc-4.2 (GCC) 4.2.1 (Based on Apple Inc. build 5658) (LLVM build 2377.00)
Copyright (C) 2007 Free Software Foundation, Inc.
This is free software; see the source for copying conditions.  There is NO
warranty; not even for MERCHANTABILITY or FITNESS FOR A PARTICULAR PURPOSE.

configure:2483: $? = 0
configure:2490: /Developer/Platforms/iPhoneOS.platform/Developer/usr/bin/cc -v >&5
Using built-in specs.
Target: i686-apple-darwin10
Configured with: /private/var/tmp/llvmgcc42_Embedded/llvmgcc42_Embedded-2377~4/src/configure --enable-checking --enable-werror --prefix=/Developer/usr/llvm-gcc-4.2 --mandir=/share/man --enable-languages=c,objc,c++,obj-c++ --program-prefix=llvm- --program-transform-name=/^[cg][^.-]*$/s/$/-4.2/ --with-slibdir=/usr/lib --build=i686-apple-darwin10 --enable-llvm=/private/var/tmp/llvmgcc42_Embedded/llvmgcc42_Embedded-2377~4/dst-llvmCore/Developer/usr/local --program-prefix=i686-apple-darwin10- --host=x86_64-apple-darwin10 --target=i686-apple-darwin10 --with-gxx-include-dir=/usr/include/c++/4.2.1
Thread model: posix
gcc version 4.2.1 (Based on Apple Inc. build 5658) (LLVM build 2377.00)
configure:2493: $? = 0
configure:2500: /Developer/Platforms/iPhoneOS.platform/Developer/usr/bin/cc -V >&5
llvm-gcc-4.2: argument to `-V' is missing
configure:2503: $? = 1
configure:2526: checking for C compiler default output file name
configure:2553: /Developer/Platforms/iPhoneOS.platform/Developer/usr/bin/cc -host -fmessage-length=0 -pipe -Wno-trigraphs -fpascal-strings -Os -mdynamic-no-pic  		-Wreturn-type -Wunused-variable -isysroot /Developer/Platforms/iPhoneOS.platform/Developer/SDKs/iPhoneOS5.0.sdk   conftest.c  >&5
ld: library not found for -lcrt1.10.6.o
collect2: ld returned 1 exit status
configure:2556: $? = 1
configure:2594: result: 
configure: failed program was:
| /* confdefs.h.  */
| #define PACKAGE_NAME ""
| #define PACKAGE_TARNAME ""
| #define PACKAGE_VERSION ""
| #define PACKAGE_STRING ""
| #define PACKAGE_BUGREPORT ""
| /* end confdefs.h.  */
| 
| int
| main ()
| {
| 
|   ;
|   return 0;
| }
configure:2601: error: C compiler cannot create executables
See `config.log' for more details.

## ---------------- ##
## Cache variables. ##
## ---------------- ##

ac_cv_build=i686-apple-darwin11.3.0
ac_cv_env_CC_set=set
ac_cv_env_CC_value=/Developer/Platforms/iPhoneOS.platform/Developer/usr/bin/cc
ac_cv_env_CFLAGS_set=set
ac_cv_env_CFLAGS_value='-host -fmessage-length=0 -pipe -Wno-trigraphs -fpascal-strings -Os -mdynamic-no-pic  		-Wreturn-type -Wunused-variable -isysroot /Developer/Platforms/iPhoneOS.platform/Developer/SDKs/iPhoneOS5.0.sdk'
ac_cv_env_CPPFLAGS_set=
ac_cv_env_CPPFLAGS_value=
ac_cv_env_CPP_set=set
ac_cv_env_CPP_value=/Developer/Platforms/iPhoneOS.platform/Developer/usr/bin/cpp
ac_cv_env_LDFLAGS_set=
ac_cv_env_LDFLAGS_value=
ac_cv_env_LIBS_set=
ac_cv_env_LIBS_value=
ac_cv_env_YACC_set=
ac_cv_env_YACC_value=
ac_cv_env_YFLAGS_set=
ac_cv_env_YFLAGS_value=
ac_cv_env_build_alias_set=
ac_cv_env_build_alias_value=
ac_cv_env_host_alias_set=
ac_cv_env_host_alias_value=
ac_cv_env_target_alias_set=set
ac_cv_env_target_alias_value=arm-apple-darwin11
ac_cv_func_getpgrp_void=yes
ac_cv_func_setpgrp_void=yes
ac_cv_host=i686-apple-darwin11.3.0
ac_cv_prog_CC=/Developer/Platforms/iPhoneOS.platform/Developer/usr/bin/cc
ac_cv_target=arm-apple-darwin11

## ----------------- ##
## Output variables. ##
## ----------------- ##

ALLOCA=''
AR='/Developer/Platforms/iPhoneOS.platform/Developer/usr/bin/ar'
ARCHFILE=''
ARCH_FLAG=''
AS=''
ASFLAGS=''
CC='/Developer/Platforms/iPhoneOS.platform/Developer/usr/bin/cc'
CCDLFLAGS=''
CFLAGS='-host -fmessage-length=0 -pipe -Wno-trigraphs -fpascal-strings -Os -mdynamic-no-pic  		-Wreturn-type -Wunused-variable -isysroot /Developer/Platforms/iPhoneOS.platform/Developer/SDKs/iPhoneOS5.0.sdk'
COMMON_HEADERS=''
COMMON_LIBS=''
COMMON_MACROS=''
CP=''
CPP='/Developer/Platforms/iPhoneOS.platform/Developer/usr/bin/cpp'
CPPFLAGS=''
CPPOUTFILE=''
DEFS=''
DLDFLAGS=''
DLDLIBS=''
DLEXT2=''
DLEXT=''
DLLWRAP=''
ECHO_C='ECHO_N=''
ECHO_T=''
EGREP=''
ENABLE_SHARED=''
EXEEXT=''
EXPORT_PREFIX=''
EXTOUT=''
EXTSTATIC=''
GNU_LD=''
GREP=''
INSTALL_DATA=''
INSTALL_PROGRAM=''
INSTALL_SCRIPT=''
LDFLAGS=''
LDSHARED=''
LIBEXT=''
LIBOBJS=''
LIBPATHENV=''
LIBPATHFLAG=''
LIBRUBY=''
LIBRUBYARG=''
LIBRUBYARG_SHARED=''
LIBRUBYARG_STATIC=''
LIBRUBY_A=''
LIBRUBY_ALIASES=''
LIBRUBY_DLDFLAGS=''
LIBRUBY_LDSHARED=''
LIBRUBY_SO=''
LIBS=''
LINK_SO=''
LN_S=''
LTLIBOBJS=''
MAINLIBS=''
MAJOR='1'
MAKEDIRS=''
MAKEFILES=''
MANTYPE=''
MINIOBJS=''
MINIRUBY=''
MINOR='8'
NM=''
NROFF=''
OBJDUMP=''
OBJEXT=''
OUTFLAG=''
PACKAGE_BUGREPORT=''
PACKAGE_NAME=''
PACKAGE_STRING=''
PACKAGE_TARNAME=''
PACKAGE_VERSION=''
PATH_SEPARATOR=':'
PREP=''
RANLIB='/Developer/Platforms/iPhoneOS.platform/Developer/usr/bin/ranlib'
RDOCTARGET=''
RM=''
RPATHFLAG=''
RUBYW_INSTALL_NAME=''
RUBY_INSTALL_NAME=''
RUBY_SO_NAME=''
RUNRUBY=''
SET_MAKE=''
SHELL='/bin/sh'
SOLIBS=''
STATIC=''
STRIP=''
TEENY='7'
TRY_LINK=''
WINDRES=''
XCFLAGS=''
XLDFLAGS=''
YACC=''
YFLAGS=''
ac_ct_CC=''
arch=''
bindir='${exec_prefix}/bin'
build='i686-apple-darwin11.3.0'
build_alias=''
build_cpu='i686'
build_os='darwin11.3.0'
build_vendor='apple'
cflags=''
configure_args=''
cppflags=''
datadir='${datarootdir}'
datarootdir='${prefix}/share'
debugflags=''
docdir='${datarootdir}/doc/${PACKAGE}'
dvidir='${docdir}'
exec_prefix='NONE'
host='i686-apple-darwin11.3.0'
host_alias=''
host_cpu='i686'
host_os='darwin11.3.0'
host_vendor='apple'
htmldir='${docdir}'
includedir='${prefix}/include'
infodir='${datarootdir}/info'
libdir='${exec_prefix}/lib'
libexecdir='${exec_prefix}/libexec'
localedir='${datarootdir}/locale'
localstatedir='${prefix}/var'
mandir='${datarootdir}/man'
oldincludedir='/usr/include'
optflags=''
pdfdir='${docdir}'
prefix='NONE'
program_transform_name='s&^&&'
psdir='${docdir}'
rubyw_install_name=''
sbindir='${exec_prefix}/sbin'
setup=''
sharedstatedir='${prefix}/com'
sitearch=''
sitedir=''
sysconfdir='${prefix}/etc'
target='arm-apple-darwin11'
target_alias='arm-apple-darwin11'
target_cpu='arm'
target_os='darwin11'
target_vendor='apple'
vendordir=''

## ----------- ##
## confdefs.h. ##
## ----------- ##

#define PACKAGE_NAME ""
#define PACKAGE_TARNAME ""
#define PACKAGE_VERSION ""
#define PACKAGE_STRING ""
#define PACKAGE_BUGREPORT ""

configure: exit 77
